Starting a Gradle Daemon (subsequent builds will be faster)
> Task :app:checkKotlinGradlePluginConfigurationErrors
> Task :app:preBuild UP-TO-DATE
> Task :app:preDebugBuild UP-TO-DATE
> Task :app:checkDebugAarMetadata UP-TO-DATE
> Task :app:generateDebugResValues UP-TO-DATE
> Task :app:mapDebugSourceSetPaths UP-TO-DATE
> Task :app:generateDebugResources UP-TO-DATE
> Task :app:mergeDebugResources UP-TO-DATE
> Task :app:packageDebugResources UP-TO-DATE
> Task :app:parseDebugLocalResources UP-TO-DATE
> Task :app:createDebugCompatibleScreenManifests UP-TO-DATE
> Task :app:extractDeepLinksDebug UP-TO-DATE
> Task :app:processDebugMainManifest UP-TO-DATE
> Task :app:processDebugManifest UP-TO-DATE
> Task :app:processDebugManifestForPackage UP-TO-DATE
> Task :app:processDebugResources UP-TO-DATE
> Task :app:javaPreCompileDebug UP-TO-DATE
> Task :app:preDebugUnitTestBuild UP-TO-DATE
> Task :app:javaPreCompileDebugUnitTest UP-TO-DATE
> Task :app:buildKotlinToolingMetadata UP-TO-DATE
> Task :app:preReleaseBuild UP-TO-DATE
> Task :app:checkReleaseAarMetadata UP-TO-DATE
> Task :app:generateReleaseResValues UP-TO-DATE
> Task :app:mapReleaseSourceSetPaths UP-TO-DATE
> Task :app:generateReleaseResources UP-TO-DATE
> Task :app:mergeReleaseResources UP-TO-DATE
> Task :app:packageReleaseResources UP-TO-DATE
> Task :app:parseReleaseLocalResources UP-TO-DATE
> Task :app:createReleaseCompatibleScreenManifests UP-TO-DATE
> Task :app:extractDeepLinksRelease UP-TO-DATE
> Task :app:processReleaseMainManifest UP-TO-DATE
> Task :app:processReleaseManifest UP-TO-DATE
> Task :app:processReleaseManifestForPackage UP-TO-DATE
> Task :app:processReleaseResources UP-TO-DATE
> Task :app:javaPreCompileRelease UP-TO-DATE
> Task :app:extractProguardFiles UP-TO-DATE
> Task :app:mergeReleaseJniLibFolders UP-TO-DATE
> Task :app:mergeReleaseNativeLibs UP-TO-DATE
> Task :app:stripReleaseDebugSymbols UP-TO-DATE
> Task :app:extractReleaseNativeSymbolTables UP-TO-DATE
> Task :app:mergeReleaseNativeDebugMetadata NO-SOURCE
> Task :app:checkReleaseDuplicateClasses UP-TO-DATE
> Task :app:mergeReleaseArtProfile UP-TO-DATE
> Task :app:mergeReleaseShaders UP-TO-DATE
> Task :app:compileReleaseShaders NO-SOURCE
> Task :app:generateReleaseAssets UP-TO-DATE
> Task :app:mergeReleaseAssets UP-TO-DATE
> Task :app:compressReleaseAssets UP-TO-DATE
> Task :app:processApplicationManifestReleaseForBundle UP-TO-DATE
> Task :app:bundleReleaseResources UP-TO-DATE
> Task :app:collectReleaseDependencies UP-TO-DATE
> Task :app:sdkReleaseDependencyData UP-TO-DATE
> Task :app:validateSigningRelease UP-TO-DATE
> Task :app:writeReleaseAppMetadata UP-TO-DATE
> Task :app:writeReleaseSigningConfigVersions UP-TO-DATE

> Task :app:compileDebugKotlin
w: file:///home/shuvam/codes/underwater-ai/uwater_app/app/src/main/java/com/underwaterai/enhance/model/MarineResearchServices.kt:25:37 Parameter 'g' is never used
w: file:///home/shuvam/codes/underwater-ai/uwater_app/app/src/main/java/com/underwaterai/enhance/model/MarineResearchServices.kt:25:45 Parameter 'b' is never used
w: file:///home/shuvam/codes/underwater-ai/uwater_app/app/src/main/java/com/underwaterai/enhance/model/MarineResearchServices.kt:38:28 Parameter 'areaSquareMeters' is never used
w: file:///home/shuvam/codes/underwater-ai/uwater_app/app/src/main/java/com/underwaterai/enhance/model/MarineResearchServices.kt:56:45 Parameter 'boxes' is never used
w: file:///home/shuvam/codes/underwater-ai/uwater_app/app/src/main/java/com/underwaterai/enhance/model/MarineResearchServices.kt:56:70 Parameter 'labels' is never used

> Task :app:compileReleaseKotlin
w: file:///home/shuvam/codes/underwater-ai/uwater_app/app/src/main/java/com/underwaterai/enhance/model/MarineResearchServices.kt:25:37 Parameter 'g' is never used
w: file:///home/shuvam/codes/underwater-ai/uwater_app/app/src/main/java/com/underwaterai/enhance/model/MarineResearchServices.kt:25:45 Parameter 'b' is never used
w: file:///home/shuvam/codes/underwater-ai/uwater_app/app/src/main/java/com/underwaterai/enhance/model/MarineResearchServices.kt:38:28 Parameter 'areaSquareMeters' is never used
w: file:///home/shuvam/codes/underwater-ai/uwater_app/app/src/main/java/com/underwaterai/enhance/model/MarineResearchServices.kt:56:45 Parameter 'boxes' is never used
w: file:///home/shuvam/codes/underwater-ai/uwater_app/app/src/main/java/com/underwaterai/enhance/model/MarineResearchServices.kt:56:70 Parameter 'labels' is never used

> Task :app:compileDebugJavaWithJavac NO-SOURCE
> Task :app:processDebugJavaRes UP-TO-DATE
> Task :app:compileReleaseJavaWithJavac NO-SOURCE
> Task :app:bundleDebugClassesToCompileJar
> Task :app:bundleDebugClassesToRuntimeJar
> Task :app:generateReleaseLintVitalReportModel
> Task :app:mergeReleaseGeneratedProguardFiles UP-TO-DATE
> Task :app:processReleaseJavaRes UP-TO-DATE
> Task :app:mergeReleaseJavaResource UP-TO-DATE
> Task :app:compileDebugUnitTestKotlin
> Task :app:compileDebugUnitTestJavaWithJavac NO-SOURCE
> Task :app:processDebugUnitTestJavaRes UP-TO-DATE
> Task :app:expandReleaseArtProfileWildcards
> Task :app:testDebugUnitTest
> Task :app:lintVitalAnalyzeRelease
> Task :app:minifyReleaseWithR8
> Task :app:lintVitalReportRelease UP-TO-DATE
> Task :app:lintVitalRelease
> Task :app:compileReleaseArtProfile UP-TO-DATE
> Task :app:shrinkReleaseRes UP-TO-DATE
> Task :app:optimizeReleaseResources UP-TO-DATE
> Task :app:packageRelease UP-TO-DATE
> Task :app:createReleaseApkListingFileRedirect UP-TO-DATE
> Task :app:assembleRelease

BUILD SUCCESSFUL in 5m 43s
68 actionable tasks: 12 executed, 56 up-to-date
